<?xml version="1.0" encoding="UTF-8"?>
<!-- Generated by org.testng.reporters.JUnitXMLReporter -->
<testsuite ignored="0" hostname="LAPTOP-5KMFOFH9" failures="0" tests="3" name="AddToCart" time="2.668" errors="0" timestamp="2024-04-05T10:45:51 IST">
  <testcase classname="com.SwagLabs.TestCases.CartPageTest" name="verifyRemove" time="0.0">
    <skipped/>
  </testcase> <!-- verifyRemove -->
  <testcase classname="com.SwagLabs.TestCases.CartPageTest" name="verifyContinueShopping" time="0.0">
    <skipped/>
  </testcase> <!-- verifyContinueShopping -->
  <testcase classname="com.SwagLabs.TestCases.CartPageTest" name="verifyCheckout" time="0.0">
    <skipped/>
  </testcase> <!-- verifyCheckout -->
</testsuite> <!-- AddToCart -->
