<?xml version="1.0" encoding="UTF-8"?>
<!-- Generated by org.testng.reporters.JUnitXMLReporter -->
<testsuite ignored="0" hostname="LAPTOP-5KMFOFH9" failures="0" tests="2" name="Checkout" time="2.813" errors="0" timestamp="2024-04-05T10:45:54 IST">
  <testcase classname="com.SwagLabs.TestCases.CheckOutPageTest" name="verifyCancel" time="0.0">
    <skipped/>
  </testcase> <!-- verifyCancel -->
  <testcase classname="com.SwagLabs.TestCases.CheckOutPageTest" name="verifyCheckout" time="0.0">
    <skipped/>
  </testcase> <!-- verifyCheckout -->
</testsuite> <!-- Checkout -->
