<?xml version="1.0" encoding="UTF-8"?>
<!-- Generated by org.testng.reporters.JUnitXMLReporter -->
<testsuite ignored="0" hostname="LAPTOP-5KMFOFH9" failures="0" tests="3" name="HomePageTest" time="5.942" errors="0" timestamp="2024-03-28T21:23:16 IST">
  <testcase classname="com.CRM.TestCases.HomePageTest" name="verifyUrl" time="0.046"/>
  <testcase classname="com.CRM.TestCases.HomePageTest" name="verifyTitle" time="0.071"/>
  <testcase classname="com.CRM.TestCases.HomePageTest" name="verifySignIn" time="0.178"/>
</testsuite> <!-- HomePageTest -->
