<?xml version="1.0" encoding="UTF-8"?>
<!-- Generated by org.testng.reporters.JUnitXMLReporter -->
<testsuite ignored="0" hostname="LAPTOP-5KMFOFH9" failures="0" tests="3" name="InventoryTest" time="2.833" errors="0" timestamp="2024-04-05T10:45:49 IST">
  <testcase classname="com.SwagLabs.TestCases.InventoryPageTest" name="verifyProductCount" time="0.0">
    <skipped/>
  </testcase> <!-- verifyProductCount -->
  <testcase classname="com.SwagLabs.TestCases.InventoryPageTest" name="verifyProductName" time="0.0">
    <skipped/>
  </testcase> <!-- verifyProductName -->
  <testcase classname="com.SwagLabs.TestCases.InventoryPageTest" name="verifyAddToCart" time="0.0">
    <skipped/>
  </testcase> <!-- verifyAddToCart -->
</testsuite> <!-- InventoryTest -->
