<?xml version="1.0" encoding="UTF-8"?>
<!-- Generated by org.testng.reporters.JUnitXMLReporter -->
<testsuite ignored="0" hostname="LAPTOP-5KMFOFH9" failures="0" tests="3" name="Test1" time="5.176" errors="0" timestamp="2024-03-28T11:33:25 IST">
  <testcase classname="com.CRM.TestCases.HomePageTest" name="verifyUrl" time="0.036"/>
  <testcase classname="com.CRM.TestCases.HomePageTest" name="verifyTitle" time="0.023"/>
  <testcase classname="com.CRM.TestCases.HomePageTest" name="verifySignIn" time="0.139"/>
</testsuite> <!-- Test1 -->
