<?xml version="1.0" encoding="UTF-8"?>
<!-- Generated by org.testng.reporters.JUnitXMLReporter -->
<testsuite ignored="0" hostname="LAPTOP-5KMFOFH9" failures="0" tests="3" name="Test" time="5.031" errors="0" timestamp="2024-03-28T21:09:10 IST">
  <testcase classname="com.CRM.TestCases.HomePageTest" name="verifyUrl" time="0.049"/>
  <testcase classname="com.CRM.TestCases.HomePageTest" name="verifyTitle" time="0.038"/>
  <testcase classname="com.CRM.TestCases.HomePageTest" name="verifySignIn" time="0.773"/>
</testsuite> <!-- Test -->
