<?xml version="1.0" encoding="UTF-8"?>
<!-- Generated by org.testng.reporters.JUnitXMLReporter -->
<testsuite ignored="0" hostname="LAPTOP-5KMFOFH9" failures="0" tests="3" name="HomePageTest" time="5.535" errors="0" timestamp="2024-04-01T21:12:14 IST">
  <testcase classname="com.CRM.TestCases.HomePageTest" name="verifyUrl" time="0.03"/>
  <testcase classname="com.CRM.TestCases.HomePageTest" name="verifyTitle" time="0.019"/>
  <testcase classname="com.CRM.TestCases.HomePageTest" name="verifySignIn" time="0.186"/>
</testsuite> <!-- HomePageTest -->
