<?xml version="1.0" encoding="UTF-8"?>
<testsuite xmlns:xsi="http://www.w3.org/2001/XMLSchema-instance" xsi:noNamespaceSchemaLocation="https://maven.apache.org/surefire/maven-surefire-plugin/xsd/surefire-test-report-3.0.xsd" version="3.0" name="TestSuite" time="21.527" tests="2" errors="0" skipped="0" failures="0">
  <properties>
[...]
</properties>
  <testcase name="verifySummary" classname="com.SwagLabs.TestCases.OverviewPageTest" time="0.201">
    <system-out><![CDATA[Log: Driver session is created
Log: Apllication is open
**********Login Page***********
Url is: https://www.saucedemo.com/
Log: Login page is open
Title is: Swag Labs
Log:Login is completed with valid data set
**********Inventory Page***********
Total Product Count is: 6
***************Product names are:**********
Sauce Labs Backpack
Sauce Labs Bike Light
Sauce Labs Bolt T-Shirt
Sauce Labs Fleece Jacket
Sauce Labs Onesie
Test.allTheThings() T-Shirt (Red)
Product added into cart: Sauce Labs Bolt T-Shirt
Cart page is open!
**********Cart Page***********
Selected Product get removed!
Inventory page open: select Product
Product added into cart: Sauce Labs Backpack
Cart page is open!
**********Checkout page***********
Overview Page OPen!
**********Overview page***********
Payment Information:
SauceCard #31337
Shipping Information:
Free Pony Express Delivery!
Price Total
Item total: $29.99
Tax: $2.40
Total: $32.39
]]></system-out>
    <system-err><![CDATA[SLF4J: Failed to load class "org.slf4j.impl.StaticLoggerBinder".
SLF4J: Defaulting to no-operation (NOP) logger implementation
SLF4J: See http://www.slf4j.org/codes.html#StaticLoggerBinder for further details.
Apr 05, 2024 10:47:58 AM org.openqa.selenium.devtools.CdpVersionFinder findNearestMatch
WARNING: Unable to find an exact match for CDP version 123, returning the closest version; found: 120; Please update to a Selenium version that supports CDP version 123
]]></system-err>
  </testcase>
  <testcase name="verifyOverview" classname="com.SwagLabs.TestCases.OverviewPageTest" time="0.195">
    <system-out><![CDATA[Final status is: Thank you for your order!
]]></system-out>
  </testcase>
</testsuite>