<?xml version="1.0" encoding="UTF-8"?>
<testng-results ignored="0" total="2" passed="2" failed="0" skipped="0">
  <reporter-output>
  </reporter-output>
  <suite started-at="2024-04-11T21:48:22 IST" name="Default suite" finished-at="2024-04-11T21:48:23 IST" duration-ms="408">
    <groups>
    </groups>
    <test started-at="2024-04-11T21:48:22 IST" name="Default test" finished-at="2024-04-11T21:48:23 IST" duration-ms="408">
      <class name="testAPI.Serialization_Deserialization">
        <test-method signature="testSerialization()[pri:1, instance:testAPI.Serialization_Deserialization@7e7be63f]" started-at="2024-04-11T21:48:22 IST" name="testSerialization" finished-at="2024-04-11T21:48:23 IST" duration-ms="315" status="PASS">
          <reporter-output>
          </reporter-output>
        </test-method> <!-- testSerialization -->
        <test-method signature="testDeserialization()[pri:2, instance:testAPI.Serialization_Deserialization@7e7be63f]" started-at="2024-04-11T21:48:23 IST" name="testDeserialization" finished-at="2024-04-11T21:48:23 IST" duration-ms="36" status="PASS">
          <reporter-output>
          </reporter-output>
        </test-method> <!-- testDeserialization -->
      </class> <!-- testAPI.Serialization_Deserialization -->
    </test> <!-- Default test -->
  </suite> <!-- Default suite -->
</testng-results>
